<?xml version="1.0" encoding="UTF-8"?>
<testsuites>
  <testsuite name="Tests\Feature\Borrowing\BorrowExtensionTest" file="C:\Users\salva\Downloads\PSA_DOCS\INVENTORY_SYSTEM\backend\tests\Feature\Borrowing\BorrowExtensionTest.php" tests="14" assertions="32" errors="0" failures="0" skipped="0" time="2.560006">
    <testcase name="test_borrower_can_submit_extension_request" file="C:\Users\salva\Downloads\PSA_DOCS\INVENTORY_SYSTEM\backend\tests\Feature\Borrowing\BorrowExtensionTest.php" line="64" class="Tests\Feature\Borrowing\BorrowExtensionTest" classname="Tests.Feature.Borrowing.BorrowExtensionTest" assertions="3" time="1.583788">
      <system-out>                </system-out>
    </testcase>
    <testcase name="test_duplicate_pending_request_is_prevented" file="C:\Users\salva\Downloads\PSA_DOCS\INVENTORY_SYSTEM\backend\tests\Feature\Borrowing\BorrowExtensionTest.php" line="87" class="Tests\Feature\Borrowing\BorrowExtensionTest" classname="Tests.Feature.Borrowing.BorrowExtensionTest" assertions="2" time="0.050197"/>
    <testcase name="test_admin_can_approve_extension" file="C:\Users\salva\Downloads\PSA_DOCS\INVENTORY_SYSTEM\backend\tests\Feature\Borrowing\BorrowExtensionTest.php" line="110" class="Tests\Feature\Borrowing\BorrowExtensionTest" classname="Tests.Feature.Borrowing.BorrowExtensionTest" assertions="4" time="0.061319"/>
    <testcase name="test_admin_can_reject_extension" file="C:\Users\salva\Downloads\PSA_DOCS\INVENTORY_SYSTEM\backend\tests\Feature\Borrowing\BorrowExtensionTest.php" line="143" class="Tests\Feature\Borrowing\BorrowExtensionTest" classname="Tests.Feature.Borrowing.BorrowExtensionTest" assertions="3" time="0.142899"/>
    <testcase name="test_extension_history_works" file="C:\Users\salva\Downloads\PSA_DOCS\INVENTORY_SYSTEM\backend\tests\Feature\Borrowing\BorrowExtensionTest.php" line="172" class="Tests\Feature\Borrowing\BorrowExtensionTest" classname="Tests.Feature.Borrowing.BorrowExtensionTest" assertions="3" time="0.059983"/>
    <testcase name="test_due_date_updates_correctly_on_approval" file="C:\Users\salva\Downloads\PSA_DOCS\INVENTORY_SYSTEM\backend\tests\Feature\Borrowing\BorrowExtensionTest.php" line="205" class="Tests\Feature\Borrowing\BorrowExtensionTest" classname="Tests.Feature.Borrowing.BorrowExtensionTest" assertions="1" time="0.056394"/>
    <testcase name="test_pending_count_works" file="C:\Users\salva\Downloads\PSA_DOCS\INVENTORY_SYSTEM\backend\tests\Feature\Borrowing\BorrowExtensionTest.php" line="225" class="Tests\Feature\Borrowing\BorrowExtensionTest" classname="Tests.Feature.Borrowing.BorrowExtensionTest" assertions="4" time="0.062348"/>
    <testcase name="test_borrowing_list_includes_has_pending_extension" file="C:\Users\salva\Downloads\PSA_DOCS\INVENTORY_SYSTEM\backend\tests\Feature\Borrowing\BorrowExtensionTest.php" line="250" class="Tests\Feature\Borrowing\BorrowExtensionTest" classname="Tests.Feature.Borrowing.BorrowExtensionTest" assertions="5" time="0.124610"/>
    <testcase name="test_borrower_cannot_submit_for_returned_borrowing" file="C:\Users\salva\Downloads\PSA_DOCS\INVENTORY_SYSTEM\backend\tests\Feature\Borrowing\BorrowExtensionTest.php" line="283" class="Tests\Feature\Borrowing\BorrowExtensionTest" classname="Tests.Feature.Borrowing.BorrowExtensionTest" assertions="1" time="0.085402"/>
    <testcase name="test_borrower_cannot_submit_for_other_users_borrowing" file="C:\Users\salva\Downloads\PSA_DOCS\INVENTORY_SYSTEM\backend\tests\Feature\Borrowing\BorrowExtensionTest.php" line="296" class="Tests\Feature\Borrowing\BorrowExtensionTest" classname="Tests.Feature.Borrowing.BorrowExtensionTest" assertions="1" time="0.068530"/>
    <testcase name="test_employee_cannot_approve_extension" file="C:\Users\salva\Downloads\PSA_DOCS\INVENTORY_SYSTEM\backend\tests\Feature\Borrowing\BorrowExtensionTest.php" line="310" class="Tests\Feature\Borrowing\BorrowExtensionTest" classname="Tests.Feature.Borrowing.BorrowExtensionTest" assertions="1" time="0.073444"/>
    <testcase name="test_employee_cannot_reject_extension" file="C:\Users\salva\Downloads\PSA_DOCS\INVENTORY_SYSTEM\backend\tests\Feature\Borrowing\BorrowExtensionTest.php" line="326" class="Tests\Feature\Borrowing\BorrowExtensionTest" classname="Tests.Feature.Borrowing.BorrowExtensionTest" assertions="1" time="0.064865"/>
    <testcase name="test_guest_cannot_approve_or_reject_extension" file="C:\Users\salva\Downloads\PSA_DOCS\INVENTORY_SYSTEM\backend\tests\Feature\Borrowing\BorrowExtensionTest.php" line="344" class="Tests\Feature\Borrowing\BorrowExtensionTest" classname="Tests.Feature.Borrowing.BorrowExtensionTest" assertions="2" time="0.072549"/>
    <testcase name="test_guest_cannot_access_extension_endpoints" file="C:\Users\salva\Downloads\PSA_DOCS\INVENTORY_SYSTEM\backend\tests\Feature\Borrowing\BorrowExtensionTest.php" line="361" class="Tests\Feature\Borrowing\BorrowExtensionTest" classname="Tests.Feature.Borrowing.BorrowExtensionTest" assertions="1" time="0.053677"/>
  </testsuite>
</testsuites>
